TN:
SF:components/auth/AuthBoundary.tsx
FN:8,AuthBoundary
FN:11,(anonymous_2)
FN:13,(anonymous_3)
FN:14,(anonymous_4)
FN:27,(anonymous_5)
FNF:5
FNH:4
FNDA:3,AuthBoundary
FNDA:2,(anonymous_2)
FNDA:1,(anonymous_3)
FNDA:2,(anonymous_4)
FNDA:0,(anonymous_5)
DA:3,1
DA:4,1
DA:5,1
DA:6,1
DA:8,2
DA:9,3
DA:10,3
DA:11,3
DA:12,2
DA:13,2
DA:14,2
DA:16,3
DA:17,3
DA:27,0
LF:14
LH:13
BRDA:8,0,0,2
BRDA:17,1,0,3
BRDA:17,1,1,2
BRDA:22,2,0,2
BRDA:22,2,1,1
BRDA:23,3,0,2
BRDA:23,3,1,1
BRDA:24,4,0,3
BRDA:25,5,0,2
BRDA:25,5,1,1
BRDA:27,6,0,3
BRDA:27,7,0,2
BRDA:27,7,1,0
BRF:13
BRH:12
end_of_record
TN:
SF:components/auth/AuthDialog.tsx
FN:13,AuthDialog
FN:20,(anonymous_2)
FN:25,(anonymous_3)
FN:38,dismiss
FN:43,dismissBackdrop
FN:51,(anonymous_6)
FNF:6
FNH:6
FNDA:3,AuthDialog
FNDA:3,(anonymous_2)
FNDA:3,(anonymous_3)
FNDA:3,dismiss
FNDA:3,dismissBackdrop
FNDA:1,(anonymous_6)
DA:6,1
DA:7,1
DA:9,1
DA:10,1
DA:11,1
DA:13,3
DA:14,3
DA:15,3
DA:16,3
DA:17,3
DA:18,3
DA:20,3
DA:21,3
DA:22,3
DA:23,3
DA:24,3
DA:25,3
DA:26,3
DA:27,2
DA:28,2
DA:30,1
DA:31,1
DA:32,1
DA:33,1
DA:39,3
DA:40,3
DA:44,3
DA:51,1
LF:28
LH:28
BRDA:22,0,0,3
BRDA:22,0,1,3
BRDA:22,1,0,3
BRDA:22,1,1,0
BRDA:24,2,0,3
BRDA:24,3,0,3
BRDA:24,3,1,3
BRDA:26,4,0,2
BRDA:31,5,0,1
BRDA:44,6,0,1
BRF:10
BRH:9
end_of_record
TN:
SF:components/auth/AuthJourney.tsx
FN:9,AuthJourney
FN:12,(anonymous_4)
FN:13,capture
FN:24,(anonymous_6)
FN:30,useAuthJourney
FNF:5
FNH:5
FNDA:2,AuthJourney
FNDA:2,(anonymous_4)
FNDA:6,capture
FNDA:2,(anonymous_6)
FNDA:5,useAuthJourney
DA:3,2
DA:4,2
DA:7,2
DA:9,2
DA:10,2
DA:12,2
DA:14,6
DA:15,5
DA:16,5
DA:17,2
DA:18,1
DA:23,2
DA:24,2
DA:30,5
DA:31,5
LF:15
LH:15
BRDA:14,0,0,1
BRDA:14,1,0,6
BRDA:14,1,1,6
BRDA:14,1,2,5
BRDA:14,1,3,5
BRDA:14,1,4,5
BRDA:15,2,0,5
BRDA:15,2,1,0
BRDA:16,3,0,3
BRDA:16,4,0,5
BRDA:16,4,1,3
BRDA:16,4,2,3
BRDA:17,5,0,1
BRDA:17,6,0,2
BRDA:17,6,1,2
BRF:15
BRH:14
end_of_record
TN:
SF:lib/safe-return.ts
FN:6,safeReturnTarget
FN:11,safePublicReturnTarget
FNF:2
FNH:2
FNDA:10,safeReturnTarget
FNDA:19,safePublicReturnTarget
DA:4,4
DA:6,10
DA:7,10
DA:8,4
DA:11,19
DA:12,19
DA:13,13
DA:14,13
DA:15,13
DA:16,6
LF:10
LH:10
BRDA:6,0,0,10
BRDA:7,1,0,6
BRDA:7,2,0,10
BRDA:7,2,1,10
BRDA:12,3,0,6
BRDA:12,4,0,19
BRDA:12,4,1,15
BRDA:15,5,0,7
BRDA:16,6,0,1
BRDA:16,6,1,5
BRDA:16,7,0,6
BRDA:16,7,1,1
BRF:12
BRH:12
end_of_record
