{"numFailedTestSuites":0,"numFailedTests":0,"numPassedTestSuites":41,"numPassedTests":229,"numPendingTestSuites":0,"numPendingTests":0,"numRuntimeErrorTestSuites":0,"numTodoTests":0,"numTotalTestSuites":41,"numTotalTests":229,"openHandles":[],"snapshot":{"added":0,"didUpdate":false,"failure":false,"filesAdded":0,"filesRemoved":0,"filesRemovedList":[],"filesUnmatched":0,"filesUpdated":0,"matched":0,"total":0,"unchecked":0,"uncheckedKeysByFile":[],"unmatched":0,"updated":0},"startTime":1788948070301,"success":true,"testResults":[{"assertionResults":[{"ancestorTitles":["ConversationExperience"],"duration":847,"failureDetails":[],"failureMessages":[],"fullName":"ConversationExperience renders canonical status, partial disclosure, and keyboard-operable typed cards","invocations":1,"location":null,"numPassingAsserts":12,"retryReasons":[],"status":"passed","title":"renders canonical status, partial disclosure, and keyboard-operable typed cards"},{"ancestorTitles":["ConversationExperience"],"duration":23,"failureDetails":[],"failureMessages":[],"fullName":"ConversationExperience never reports recorded evidence without a non-null evidence record identity","invocations":1,"location":null,"numPassingAsserts":2,"retryReasons":[],"status":"passed","title":"never reports recorded evidence without a non-null evidence record identity"},{"ancestorTitles":["ConversationExperience"],"duration":56,"failureDetails":[],"failureMessages":[],"fullName":"ConversationExperience reconciles before sending one UUID-identified contribution through same-origin BFF","invocations":1,"location":null,"numPassingAsserts":6,"retryReasons":[],"status":"passed","title":"reconciles before sending one UUID-identified contribution through same-origin BFF"},{"ancestorTitles":["ConversationExperience"],"duration":46,"failureDetails":[],"failureMessages":[],"fullName":"ConversationExperience retains one relationship-local offline outbox and submits it after authoritative reconciliation","invocations":1,"location":null,"numPassingAsserts":7,"retryReasons":[],"status":"passed","title":"retains one relationship-local offline outbox and submits it after authoritative reconciliation"},{"ancestorTitles":["ConversationExperience"],"duration":37,"failureDetails":[],"failureMessages":[],"fullName":"ConversationExperience reuses the original retry identity only after timeline reconciliation","invocations":1,"location":null,"numPassingAsserts":3,"retryReasons":[],"status":"passed","title":"reuses the original retry identity only after timeline reconciliation"},{"ancestorTitles":["ConversationExperience"],"duration":72,"failureDetails":[],"failureMessages":[],"fullName":"ConversationExperience cancels an active execution and preserves the ordinary Emergency Stop boundary","invocations":1,"location":null,"numPassingAsserts":5,"retryReasons":[],"status":"passed","title":"cancels an active execution and preserves the ordinary Emergency Stop boundary"},{"ancestorTitles":["ConversationExperience"],"duration":55,"failureDetails":[],"failureMessages":[],"fullName":"ConversationExperience stops stream rendering on stop.applied and paginates older canonical messages","invocations":1,"location":null,"numPassingAsserts":4,"retryReasons":[],"status":"passed","title":"stops stream rendering on stop.applied and paginates older canonical messages"},{"ancestorTitles":["ConversationExperience"],"duration":19,"failureDetails":[],"failureMessages":[],"fullName":"ConversationExperience reports an initial timeline failure and settles the loading state","invocations":1,"location":null,"numPassingAsserts":3,"retryReasons":[],"status":"passed","title":"reports an initial timeline failure and settles the loading state"},{"ancestorTitles":["ConversationExperience"],"duration":18,"failureDetails":[],"failureMessages":[],"fullName":"ConversationExperience reconciles a saved outbox against a canonical message without resending it","invocations":1,"location":null,"numPassingAsserts":4,"retryReasons":[],"status":"passed","title":"reconciles a saved outbox against a canonical message without resending it"},{"ancestorTitles":["ConversationExperience"],"duration":23,"failureDetails":[],"failureMessages":[],"fullName":"ConversationExperience submits a saved outbox after startup reconciliation and exposes a failed outcome","invocations":1,"location":null,"numPassingAsserts":3,"retryReasons":[],"status":"passed","title":"submits a saved outbox after startup reconciliation and exposes a failed outcome"},{"ancestorTitles":["ConversationExperience"],"duration":22,"failureDetails":[],"failureMessages":[],"fullName":"ConversationExperience advances read position when the timeline identifies an unread boundary","invocations":1,"location":null,"numPassingAsserts":3,"retryReasons":[],"status":"passed","title":"advances read position when the timeline identifies an unread boundary"},{"ancestorTitles":["ConversationExperience"],"duration":35,"failureDetails":[],"failureMessages":[],"fullName":"ConversationExperience parses typed heartbeat and delta events while preserving Last-Event-ID","invocations":1,"location":null,"numPassingAsserts":5,"retryReasons":[],"status":"passed","title":"parses typed heartbeat and delta events while preserving Last-Event-ID"},{"ancestorTitles":["ConversationExperience"],"duration":14,"failureDetails":[],"failureMessages":[],"fullName":"ConversationExperience reconciles once on 410, clears the expired cursor, and does not loop","invocations":1,"location":null,"numPassingAsserts":4,"retryReasons":[],"status":"passed","title":"reconciles once on 410, clears the expired cursor, and does not loop"},{"ancestorTitles":["ConversationExperience"],"duration":29,"failureDetails":[],"failureMessages":[],"fullName":"ConversationExperience restores stopped state on 423 without retrying the stream","invocations":1,"location":null,"numPassingAsserts":3,"retryReasons":[],"status":"passed","title":"restores stopped state on 423 without retrying the stream"},{"ancestorTitles":["ConversationExperience"],"duration":31,"failureDetails":[],"failureMessages":[],"fullName":"ConversationExperience invokes an approved retry operation for an enabled typed-card command","invocations":1,"location":null,"numPassingAsserts":2,"retryReasons":[],"status":"passed","title":"invokes an approved retry operation for an enabled typed-card command"},{"ancestorTitles":["ConversationExperience"],"duration":53,"failureDetails":[],"failureMessages":[],"fullName":"ConversationExperience restores active execution after reload and clears cancellation only on a terminal event","invocations":1,"location":null,"numPassingAsserts":4,"retryReasons":[],"status":"passed","title":"restores active execution after reload and clears cancellation only on a terminal event"},{"ancestorTitles":["ConversationExperience"],"duration":76,"failureDetails":[],"failureMessages":[],"fullName":"ConversationExperience rejects retry without its original identity and preserves cancellation identity after failure","invocations":1,"location":null,"numPassingAsserts":3,"retryReasons":[],"status":"passed","title":"rejects retry without its original identity and preserves cancellation identity after failure"}],"endTime":1788948072536,"message":"","name":"/workspace/web/components/conversation/ConversationExperience.test.tsx","startTime":1788948070608,"status":"passed","summary":""},{"assertionResults":[{"ancestorTitles":["public acquisition components"],"duration":35,"failureDetails":[],"failureMessages":[],"fullName":"public acquisition components renders the exact approved hero copy and five film exposures from four professional scenes","invocations":1,"location":null,"numPassingAsserts":5,"retryReasons":[],"status":"passed","title":"renders the exact approved hero copy and five film exposures from four professional scenes"},{"ancestorTitles":["public acquisition components"],"duration":57,"failureDetails":[],"failureMessages":[],"fullName":"public acquisition components exposes fixed previous, next, and replay controls","invocations":1,"location":null,"numPassingAsserts":3,"retryReasons":[],"status":"passed","title":"exposes fixed previous, next, and replay controls"},{"ancestorTitles":["public acquisition components"],"duration":45,"failureDetails":[],"failureMessages":[],"fullName":"public acquisition components undims the destination, disables controls during transport, and normalizes on transition end","invocations":1,"location":null,"numPassingAsserts":7,"retryReasons":[],"status":"passed","title":"undims the destination, disables controls during transport, and normalizes on transition end"},{"ancestorTitles":["public acquisition components"],"duration":37,"failureDetails":[],"failureMessages":[],"fullName":"public acquisition components changes exposure without transport animation when reduced motion is requested","invocations":1,"location":null,"numPassingAsserts":3,"retryReasons":[],"status":"passed","title":"changes exposure without transport animation when reduced motion is requested"},{"ancestorTitles":["public acquisition components"],"duration":41,"failureDetails":[],"failureMessages":[],"fullName":"public acquisition components replays from the first exposure after manual navigation settles","invocations":1,"location":null,"numPassingAsserts":1,"retryReasons":[],"status":"passed","title":"replays from the first exposure after manual navigation settles"},{"ancestorTitles":["public acquisition components"],"duration":24,"failureDetails":[],"failureMessages":[],"fullName":"public acquisition components links every admitted professional to a public detail page","invocations":1,"location":null,"numPassingAsserts":2,"retryReasons":[],"status":"passed","title":"links every admitted professional to a public detail page"},{"ancestorTitles":["public acquisition components"],"duration":7,"failureDetails":[],"failureMessages":[],"fullName":"public acquisition components shows role, domain, one outcome, and a truthful publication label on preview cards","invocations":1,"location":null,"numPassingAsserts":5,"retryReasons":[],"status":"passed","title":"shows role, domain, one outcome, and a truthful publication label on preview cards"},{"ancestorTitles":["public acquisition components"],"duration":10,"failureDetails":[],"failureMessages":[],"fullName":"public acquisition components reserves a header offset that reflects the announcement bar and clears it on dismissal","invocations":1,"location":null,"numPassingAsserts":6,"retryReasons":[],"status":"passed","title":"reserves a header offset that reflects the announcement bar and clears it on dismissal"},{"ancestorTitles":["public acquisition components"],"duration":9,"failureDetails":[],"failureMessages":[],"fullName":"public acquisition components keeps the announcement dismissed only for the stored campaign revision","invocations":1,"location":null,"numPassingAsserts":2,"retryReasons":[],"status":"passed","title":"keeps the announcement dismissed only for the stored campaign revision"},{"ancestorTitles":["public acquisition components"],"duration":1,"failureDetails":[],"failureMessages":[],"fullName":"public acquisition components renders no announcement and no stored offset when the campaign is disabled","invocations":1,"location":null,"numPassingAsserts":2,"retryReasons":[],"status":"passed","title":"renders no announcement and no stored offset when the campaign is disabled"},{"ancestorTitles":["public acquisition components"],"duration":8,"failureDetails":[],"failureMessages":[],"fullName":"public acquisition components renders distinct announcement copy and a trial CTA","invocations":1,"location":null,"numPassingAsserts":3,"retryReasons":[],"status":"passed","title":"renders distinct announcement copy and a trial CTA"},{"ancestorTitles":["public acquisition components"],"duration":18,"failureDetails":[],"failureMessages":[],"fullName":"public acquisition components renders the company identity and grievance contact in the public footer","invocations":1,"location":null,"numPassingAsserts":3,"retryReasons":[],"status":"passed","title":"renders the company identity and grievance contact in the public footer"},{"ancestorTitles":["public acquisition components"],"duration":28,"failureDetails":[],"failureMessages":[],"fullName":"public acquisition components reaches cookie preferences through a normal footer control after a decision is saved","invocations":1,"location":null,"numPassingAsserts":5,"retryReasons":[],"status":"passed","title":"reaches cookie preferences through a normal footer control after a decision is saved"},{"ancestorTitles":["public acquisition components"],"duration":2,"failureDetails":[],"failureMessages":[],"fullName":"public acquisition components names Yashus, DLAI Satellite Data, and WAOOAW with their roles in Platform DNA","invocations":1,"location":null,"numPassingAsserts":3,"retryReasons":[],"status":"passed","title":"names Yashus, DLAI Satellite Data, and WAOOAW with their roles in Platform DNA"},{"ancestorTitles":["public acquisition components"],"duration":23,"failureDetails":[],"failureMessages":[],"fullName":"public acquisition components offers equally direct accept and reject choices","invocations":1,"location":null,"numPassingAsserts":4,"retryReasons":[],"status":"passed","title":"offers equally direct accept and reject choices"},{"ancestorTitles":["public acquisition components"],"duration":29,"failureDetails":[],"failureMessages":[],"fullName":"public acquisition components persists granular consent choices","invocations":1,"location":null,"numPassingAsserts":3,"retryReasons":[],"status":"passed","title":"persists granular consent choices"},{"ancestorTitles":["public acquisition components"],"duration":15,"failureDetails":[],"failureMessages":[],"fullName":"public acquisition components renders public information with safe structured contact data","invocations":1,"location":null,"numPassingAsserts":4,"retryReasons":[],"status":"passed","title":"renders public information with safe structured contact data"}],"endTime":1788948073121,"message":"","name":"/workspace/web/components/public/PublicExperience.test.tsx","startTime":1788948072548,"status":"passed","summary":""},{"assertionResults":[{"ancestorTitles":["RelationshipWorkspace"],"duration":117,"failureDetails":[],"failureMessages":[],"fullName":"RelationshipWorkspace presents evaluation state and evidence history","invocations":1,"location":null,"numPassingAsserts":11,"retryReasons":[],"status":"passed","title":"presents evaluation state and evidence history"},{"ancestorTitles":["RelationshipWorkspace"],"duration":45,"failureDetails":[],"failureMessages":[],"fullName":"RelationshipWorkspace distinguishes an active relationship as live","invocations":1,"location":null,"numPassingAsserts":2,"retryReasons":[],"status":"passed","title":"distinguishes an active relationship as live"},{"ancestorTitles":["RelationshipWorkspace"],"duration":54,"failureDetails":[],"failureMessages":[],"fullName":"RelationshipWorkspace projects authoritative relationship Stop into the conversation controls","invocations":1,"location":null,"numPassingAsserts":4,"retryReasons":[],"status":"passed","title":"projects authoritative relationship Stop into the conversation controls"},{"ancestorTitles":["RelationshipWorkspace"],"duration":163,"failureDetails":[],"failureMessages":[],"fullName":"RelationshipWorkspace CCT-AE01-DARK-01 shows exact terms and symmetric unselected contract decisions","invocations":1,"location":null,"numPassingAsserts":16,"retryReasons":[],"status":"passed","title":"CCT-AE01-DARK-01 shows exact terms and symmetric unselected contract decisions"},{"ancestorTitles":["RelationshipWorkspace"],"duration":72,"failureDetails":[],"failureMessages":[],"fullName":"RelationshipWorkspace keeps failed payment explicitly unresolved","invocations":1,"location":null,"numPassingAsserts":2,"retryReasons":[],"status":"passed","title":"keeps failed payment explicitly unresolved"}],"endTime":1788948073743,"message":"","name":"/workspace/web/components/relationships/RelationshipWorkspace.test.tsx","startTime":1788948073129,"status":"passed","summary":""},{"assertionResults":[{"ancestorTitles":[],"duration":30,"failureDetails":[],"failureMessages":[],"fullName":"returns focus to text when microphone permission is denied","invocations":1,"location":null,"numPassingAsserts":2,"retryReasons":[],"status":"passed","title":"returns focus to text when microphone permission is denied"},{"ancestorTitles":[],"duration":110,"failureDetails":[],"failureMessages":[],"fullName":"never sends until transcript review and explicit send","invocations":1,"location":null,"numPassingAsserts":5,"retryReasons":[],"status":"passed","title":"never sends until transcript review and explicit send"},{"ancestorTitles":[],"duration":22,"failureDetails":[],"failureMessages":[],"fullName":"keeps text fallback available while Stop disables recording","invocations":1,"location":null,"numPassingAsserts":2,"retryReasons":[],"status":"passed","title":"keeps text fallback available while Stop disables recording"},{"ancestorTitles":[],"duration":64,"failureDetails":[],"failureMessages":[],"fullName":"supports pause, resume, timer progress, and active Stop","invocations":1,"location":null,"numPassingAsserts":3,"retryReasons":[],"status":"passed","title":"supports pause, resume, timer progress, and active Stop"},{"ancestorTitles":[],"duration":47,"failureDetails":[],"failureMessages":[],"fullName":"cancels an active recording without resurrecting playback","invocations":1,"location":null,"numPassingAsserts":3,"retryReasons":[],"status":"passed","title":"cancels an active recording without resurrecting playback"},{"ancestorTitles":[],"duration":65,"failureDetails":[],"failureMessages":[],"fullName":"retains the page-local draft while offline and retries with the same audio","invocations":1,"location":null,"numPassingAsserts":2,"retryReasons":[],"status":"passed","title":"retains the page-local draft while offline and retries with the same audio"},{"ancestorTitles":[],"duration":75,"failureDetails":[],"failureMessages":[],"fullName":"reports upload and transcript failures without enabling send","invocations":1,"location":null,"numPassingAsserts":1,"retryReasons":[],"status":"passed","title":"reports upload and transcript failures without enabling send"},{"ancestorTitles":[],"duration":79,"failureDetails":[],"failureMessages":[],"fullName":"keeps low-confidence send disabled when correction fails","invocations":1,"location":null,"numPassingAsserts":1,"retryReasons":[],"status":"passed","title":"keeps low-confidence send disabled when correction fails"},{"ancestorTitles":[],"duration":72,"failureDetails":[],"failureMessages":[],"fullName":"requires recorded evidence and reports failed or unresolved sends","invocations":1,"location":null,"numPassingAsserts":2,"retryReasons":[],"status":"passed","title":"requires recorded evidence and reports failed or unresolved sends"}],"endTime":1788948074428,"message":"","name":"/workspace/web/components/conversation/VoiceContribution.test.tsx","startTime":1788948073751,"status":"passed","summary":""},{"assertionResults":[{"ancestorTitles":["F3/F4/F5/F6 generated client and browser boundary contract"],"duration":11,"failureDetails":[],"failureMessages":[],"fullName":"F3/F4/F5/F6 generated client and browser boundary contract dependency-closes approved public APIs with the pinned generator","invocations":1,"location":null,"numPassingAsserts":97,"retryReasons":[],"status":"passed","title":"dependency-closes approved public APIs with the pinned generator"},{"ancestorTitles":["F3/F4/F5/F6 generated client and browser boundary contract"],"duration":11,"failureDetails":[],"failureMessages":[],"fullName":"F3/F4/F5/F6 generated client and browser boundary contract does not generate prohibited browser, PR, provider, or unrelated API surfaces","invocations":1,"location":null,"numPassingAsserts":2,"retryReasons":[],"status":"passed","title":"does not generate prohibited browser, PR, provider, or unrelated API surfaces"},{"ancestorTitles":["F3/F4/F5/F6 generated client and browser boundary contract"],"duration":6,"failureDetails":[],"failureMessages":[],"fullName":"F3/F4/F5/F6 generated client and browser boundary contract keeps browser source free of prohibited AI SDK and private runtime/provider locations","invocations":1,"location":null,"numPassingAsserts":3,"retryReasons":[],"status":"passed","title":"keeps browser source free of prohibited AI SDK and private runtime/provider locations"},{"ancestorTitles":["F3/F4/F5/F6 generated client and browser boundary contract"],"duration":1,"failureDetails":[],"failureMessages":[],"fullName":"F3/F4/F5/F6 generated client and browser boundary contract defines exact compact constraints that cannot create horizontal overflow at 360px","invocations":1,"location":null,"numPassingAsserts":5,"retryReasons":[],"status":"passed","title":"defines exact compact constraints that cannot create horizontal overflow at 360px"}],"endTime":1788948074556,"message":"","name":"/workspace/web/tests/contracts/conversation-web-contract.test.ts","startTime":1788948074434,"status":"passed","summary":""},{"assertionResults":[{"ancestorTitles":["F1 translations"],"duration":5,"failureDetails":[],"failureMessages":[],"fullName":"F1 translations provides every F1 key for all eleven locales","invocations":1,"location":null,"numPassingAsserts":23,"retryReasons":[],"status":"passed","title":"provides every F1 key for all eleven locales"},{"ancestorTitles":["F1 translations"],"duration":2,"failureDetails":[],"failureMessages":[],"fullName":"F1 translations uses translated customer commands rather than English metadata only","invocations":1,"location":null,"numPassingAsserts":20,"retryReasons":[],"status":"passed","title":"uses translated customer commands rather than English metadata only"},{"ancestorTitles":["F1 translations"],"duration":0,"failureDetails":[],"failureMessages":[],"fullName":"F1 translations translates auth, system, and protected labels for Urdu","invocations":1,"location":null,"numPassingAsserts":3,"retryReasons":[],"status":"passed","title":"translates auth, system, and protected labels for Urdu"},{"ancestorTitles":["F1 translations"],"duration":1,"failureDetails":[],"failureMessages":[],"fullName":"F1 translations keeps the client-safe global error catalog aligned","invocations":1,"location":null,"numPassingAsserts":11,"retryReasons":[],"status":"passed","title":"keeps the client-safe global error catalog aligned"},{"ancestorTitles":["WC-078 professional journey showcase content"],"duration":40,"failureDetails":[],"failureMessages":[],"fullName":"WC-078 professional journey showcase content provides a structurally complete two-story, six-stage, four-rail model for every locale","invocations":1,"location":null,"numPassingAsserts":715,"retryReasons":[],"status":"passed","title":"provides a structurally complete two-story, six-stage, four-rail model for every locale"},{"ancestorTitles":["WC-078 professional journey showcase content"],"duration":18,"failureDetails":[],"failureMessages":[],"fullName":"WC-078 professional journey showcase content uses genuine non-English translations for every locale except allowlisted proper nouns","invocations":1,"location":null,"numPassingAsserts":360,"retryReasons":[],"status":"passed","title":"uses genuine non-English translations for every locale except allowlisted proper nouns"},{"ancestorTitles":["WC-06 constitutional self-review ledger and locale validator"],"duration":5,"failureDetails":[],"failureMessages":[],"fullName":"WC-06 constitutional self-review ledger and locale validator passes the deterministic validator with an APPROVED, WAOOAW-AI-attributed ledger record for all eleven locales","invocations":1,"location":null,"numPassingAsserts":44,"retryReasons":[],"status":"passed","title":"passes the deterministic validator with an APPROVED, WAOOAW-AI-attributed ledger record for all eleven locales"},{"ancestorTitles":["WC-06 constitutional self-review ledger and locale validator"],"duration":2,"failureDetails":[],"failureMessages":[],"fullName":"WC-06 constitutional self-review ledger and locale validator keeps prohibited internal governance terms out of customer-facing journey copy for every locale","invocations":1,"location":null,"numPassingAsserts":17,"retryReasons":[],"status":"passed","title":"keeps prohibited internal governance terms out of customer-facing journey copy for every locale"},{"ancestorTitles":["WC-06 constitutional self-review ledger and locale validator"],"duration":1,"failureDetails":[],"failureMessages":[],"fullName":"WC-06 constitutional self-review ledger and locale validator detects a seeded English-fallback string in a non-English locale with locale and key identification (focused check)","invocations":1,"location":null,"numPassingAsserts":1,"retryReasons":[],"status":"passed","title":"detects a seeded English-fallback string in a non-English locale with locale and key identification (focused check)"},{"ancestorTitles":["WC-06 constitutional self-review ledger and locale validator"],"duration":1,"failureDetails":[],"failureMessages":[],"fullName":"WC-06 constitutional self-review ledger and locale validator supplies Urdu RTL semantics through the existing locale direction utility","invocations":1,"location":null,"numPassingAsserts":11,"retryReasons":[],"status":"passed","title":"supplies Urdu RTL semantics through the existing locale direction utility"}],"endTime":1788948074717,"message":"","name":"/workspace/web/lib/i18n.test.ts","startTime":1788948074566,"status":"passed","summary":""},{"assertionResults":[{"ancestorTitles":["WC084 portal server boundaries"],"duration":9,"failureDetails":[],"failureMessages":[],"fullName":"WC084 portal server boundaries requires authentication before parsing a profile command","invocations":1,"location":null,"numPassingAsserts":2,"retryReasons":[],"status":"passed","title":"requires authentication before parsing a profile command"},{"ancestorTitles":["WC084 portal server boundaries"],"duration":4,"failureDetails":[],"failureMessages":[],"fullName":"WC084 portal server boundaries validates and forwards a trimmed profile command","invocations":1,"location":null,"numPassingAsserts":3,"retryReasons":[],"status":"passed","title":"validates and forwards a trimmed profile command"},{"ancestorTitles":["WC084 portal server boundaries"],"duration":4,"failureDetails":[],"failureMessages":[],"fullName":"WC084 portal server boundaries preserves identity failures for profile and settings","invocations":1,"location":null,"numPassingAsserts":2,"retryReasons":[],"status":"passed","title":"preserves identity failures for profile and settings"},{"ancestorTitles":["WC084 portal server boundaries"],"duration":2,"failureDetails":[],"failureMessages":[],"fullName":"WC084 portal server boundaries validates and forwards settings with the server token","invocations":1,"location":null,"numPassingAsserts":3,"retryReasons":[],"status":"passed","title":"validates and forwards settings with the server token"},{"ancestorTitles":["WC084 portal server boundaries"],"duration":12,"failureDetails":[],"failureMessages":[],"fullName":"WC084 portal server boundaries validates and forwards alert read and acknowledge commands","invocations":1,"location":null,"numPassingAsserts":5,"retryReasons":[],"status":"passed","title":"validates and forwards alert read and acknowledge commands"},{"ancestorTitles":["WC084 portal server boundaries"],"duration":1,"failureDetails":[],"failureMessages":[],"fullName":"WC084 portal server boundaries fails closed when an alert update is unresolved","invocations":1,"location":null,"numPassingAsserts":1,"retryReasons":[],"status":"passed","title":"fails closed when an alert update is unresolved"},{"ancestorTitles":["WC084 portal server boundaries"],"duration":7,"failureDetails":[],"failureMessages":[],"fullName":"WC084 portal server boundaries validates and forwards Onboard preferences","invocations":1,"location":null,"numPassingAsserts":3,"retryReasons":[],"status":"passed","title":"validates and forwards Onboard preferences"},{"ancestorTitles":["WC084 portal server boundaries"],"duration":1,"failureDetails":[],"failureMessages":[],"fullName":"WC084 portal server boundaries requires authentication and fails closed for unresolved Onboard updates","invocations":1,"location":null,"numPassingAsserts":2,"retryReasons":[],"status":"passed","title":"requires authentication and fails closed for unresolved Onboard updates"}],"endTime":1788948074852,"message":"","name":"/workspace/web/app/api/wc084-portal-boundaries.test.ts","startTime":1788948074721,"status":"passed","summary":""},{"assertionResults":[{"ancestorTitles":["voice server boundary"],"duration":9,"failureDetails":[],"failureMessages":[],"fullName":"voice server boundary requires a secure server session for reads and writes","invocations":1,"location":null,"numPassingAsserts":3,"retryReasons":[],"status":"passed","title":"requires a secure server session for reads and writes"},{"ancestorTitles":["voice server boundary"],"duration":2,"failureDetails":[],"failureMessages":[],"fullName":"voice server boundary gets session and transcript with no-store responses","invocations":1,"location":null,"numPassingAsserts":5,"retryReasons":[],"status":"passed","title":"gets session and transcript with no-store responses"},{"ancestorTitles":["voice server boundary"],"duration":1,"failureDetails":[],"failureMessages":[],"fullName":"voice server boundary rejects a read without a session identity","invocations":1,"location":null,"numPassingAsserts":1,"retryReasons":[],"status":"passed","title":"rejects a read without a session identity"},{"ancestorTitles":["voice server boundary"],"duration":1,"failureDetails":[],"failureMessages":[],"fullName":"voice server boundary creates only a supported locale session","invocations":1,"location":null,"numPassingAsserts":3,"retryReasons":[],"status":"passed","title":"creates only a supported locale session"},{"ancestorTitles":["voice server boundary"],"duration":8,"failureDetails":[],"failureMessages":[],"fullName":"voice server boundary uploads multipart audio without exposing an upstream location","invocations":1,"location":null,"numPassingAsserts":2,"retryReasons":[],"status":"passed","title":"uploads multipart audio without exposing an upstream location"},{"ancestorTitles":["voice server boundary"],"duration":2,"failureDetails":[],"failureMessages":[],"fullName":"voice server boundary forwards correction, explicit send, and cancellation through generated operations","invocations":1,"location":null,"numPassingAsserts":4,"retryReasons":[],"status":"passed","title":"forwards correction, explicit send, and cancellation through generated operations"},{"ancestorTitles":["voice server boundary"],"duration":2,"failureDetails":[],"failureMessages":[],"fullName":"voice server boundary rejects malformed commands and forwards privacy-safe BP failures","invocations":1,"location":null,"numPassingAsserts":4,"retryReasons":[],"status":"passed","title":"rejects malformed commands and forwards privacy-safe BP failures"}],"endTime":1788948074956,"message":"","name":"/workspace/web/app/api/voice/voice-boundary.test.ts","startTime":1788948074854,"status":"passed","summary":""},{"assertionResults":[{"ancestorTitles":["F1 shell primitives"],"duration":53,"failureDetails":[],"failureMessages":[],"fullName":"F1 shell primitives composes public navigation without authenticated controls","invocations":1,"location":null,"numPassingAsserts":3,"retryReasons":[],"status":"passed","title":"composes public navigation without authenticated controls"},{"ancestorTitles":["F1 shell primitives"],"duration":137,"failureDetails":[],"failureMessages":[],"fullName":"F1 shell primitives composes role-aware customer navigation with persistent Stop","invocations":1,"location":null,"numPassingAsserts":8,"retryReasons":[],"status":"passed","title":"composes role-aware customer navigation with persistent Stop"},{"ancestorTitles":["F1 shell primitives"],"duration":19,"failureDetails":[],"failureMessages":[],"fullName":"F1 shell primitives passes an approved active Stop context to the constitutional control","invocations":1,"location":null,"numPassingAsserts":1,"retryReasons":[],"status":"passed","title":"passes an approved active Stop context to the constitutional control"},{"ancestorTitles":["F1 shell primitives"],"duration":19,"failureDetails":[],"failureMessages":[],"fullName":"F1 shell primitives uses authenticated relationship scope when the runtime owns active session discovery","invocations":1,"location":null,"numPassingAsserts":1,"retryReasons":[],"status":"passed","title":"uses authenticated relationship scope when the runtime owns active session discovery"},{"ancestorTitles":["F1 shell primitives"],"duration":21,"failureDetails":[],"failureMessages":[],"fullName":"F1 shell primitives changes locale and theme through durable preferences","invocations":1,"location":null,"numPassingAsserts":5,"retryReasons":[],"status":"passed","title":"changes locale and theme through durable preferences"},{"ancestorTitles":["F1 shell primitives"],"duration":6,"failureDetails":[],"failureMessages":[],"fullName":"F1 shell primitives announces offline state without claiming a sent outcome","invocations":1,"location":null,"numPassingAsserts":2,"retryReasons":[],"status":"passed","title":"announces offline state without claiming a sent outcome"},{"ancestorTitles":["F1 shell primitives"],"duration":9,"failureDetails":[],"failureMessages":[],"fullName":"F1 shell primitives renders stable loading and forbidden states","invocations":1,"location":null,"numPassingAsserts":3,"retryReasons":[],"status":"passed","title":"renders stable loading and forbidden states"},{"ancestorTitles":["F1 shell primitives"],"duration":5,"failureDetails":[],"failureMessages":[],"fullName":"F1 shell primitives uses only the Keycloak sign-in command","invocations":1,"location":null,"numPassingAsserts":1,"retryReasons":[],"status":"passed","title":"uses only the Keycloak sign-in command"},{"ancestorTitles":["F1 shell primitives"],"duration":7,"failureDetails":[],"failureMessages":[],"fullName":"F1 shell primitives keeps unavailable Apple authentication local and recommends active alternatives","invocations":1,"location":null,"numPassingAsserts":2,"retryReasons":[],"status":"passed","title":"keeps unavailable Apple authentication local and recommends active alternatives"}],"endTime":1788948075395,"message":"","name":"/workspace/web/components/shell/F1Shell.test.tsx","startTime":1788948074964,"status":"passed","summary":""},{"assertionResults":[{"ancestorTitles":["WC084 portal editors"],"duration":27,"failureDetails":[],"failureMessages":[],"fullName":"WC084 portal editors updates an alert from the canonical mutation response","invocations":1,"location":null,"numPassingAsserts":2,"retryReasons":[],"status":"passed","title":"updates an alert from the canonical mutation response"},{"ancestorTitles":["WC084 portal editors"],"duration":21,"failureDetails":[],"failureMessages":[],"fullName":"WC084 portal editors keeps an alert actionable when the mutation fails","invocations":1,"location":null,"numPassingAsserts":2,"retryReasons":[],"status":"passed","title":"keeps an alert actionable when the mutation fails"},{"ancestorTitles":["WC084 portal editors"],"duration":14,"failureDetails":[],"failureMessages":[],"fullName":"WC084 portal editors persists profile fields through the same-origin boundary","invocations":1,"location":null,"numPassingAsserts":2,"retryReasons":[],"status":"passed","title":"persists profile fields through the same-origin boundary"},{"ancestorTitles":["WC084 portal editors"],"duration":10,"failureDetails":[],"failureMessages":[],"fullName":"WC084 portal editors reports profile persistence failure","invocations":1,"location":null,"numPassingAsserts":1,"retryReasons":[],"status":"passed","title":"reports profile persistence failure"},{"ancestorTitles":["WC084 portal editors"],"duration":13,"failureDetails":[],"failureMessages":[],"fullName":"WC084 portal editors persists settings before updating presentation cookies","invocations":1,"location":null,"numPassingAsserts":2,"retryReasons":[],"status":"passed","title":"persists settings before updating presentation cookies"},{"ancestorTitles":["WC084 portal editors"],"duration":13,"failureDetails":[],"failureMessages":[],"fullName":"WC084 portal editors does not update presentation cookies after a failed settings save","invocations":1,"location":null,"numPassingAsserts":2,"retryReasons":[],"status":"passed","title":"does not update presentation cookies after a failed settings save"},{"ancestorTitles":["WC084 portal editors"],"duration":13,"failureDetails":[],"failureMessages":[],"fullName":"WC084 portal editors persists only the lightweight Onboard preferences","invocations":1,"location":null,"numPassingAsserts":2,"retryReasons":[],"status":"passed","title":"persists only the lightweight Onboard preferences"},{"ancestorTitles":["WC084 portal editors"],"duration":12,"failureDetails":[],"failureMessages":[],"fullName":"WC084 portal editors reports an Onboard persistence failure","invocations":1,"location":null,"numPassingAsserts":1,"retryReasons":[],"status":"passed","title":"reports an Onboard persistence failure"}],"endTime":1788948075649,"message":"","name":"/workspace/web/components/portal/PortalEditors.test.tsx","startTime":1788948075403,"status":"passed","summary":""},{"assertionResults":[{"ancestorTitles":["F2 registration flow"],"duration":20,"failureDetails":[],"failureMessages":[],"fullName":"F2 registration flow restores and updates only non-secret profile draft fields","invocations":1,"location":null,"numPassingAsserts":6,"retryReasons":[],"status":"passed","title":"restores and updates only non-secret profile draft fields"},{"ancestorTitles":["F2 registration flow"],"duration":33,"failureDetails":[],"failureMessages":[],"fullName":"F2 registration flow never persists a one-time code and clears the challenge after confirmation","invocations":1,"location":null,"numPassingAsserts":2,"retryReasons":[],"status":"passed","title":"never persists a one-time code and clears the challenge after confirmation"},{"ancestorTitles":["F2 registration flow"],"duration":16,"failureDetails":[],"failureMessages":[],"fullName":"F2 registration flow reuses the idempotency key when retrying an uncertain start outcome","invocations":1,"location":null,"numPassingAsserts":1,"retryReasons":[],"status":"passed","title":"reuses the idempotency key when retrying an uncertain start outcome"},{"ancestorTitles":["F2 registration flow"],"duration":13,"failureDetails":[],"failureMessages":[],"fullName":"F2 registration flow allows optional mobile verification before completing registration","invocations":1,"location":null,"numPassingAsserts":1,"retryReasons":[],"status":"passed","title":"allows optional mobile verification before completing registration"}],"endTime":1788948075855,"message":"","name":"/workspace/web/components/auth/RegistrationFlow.test.tsx","startTime":1788948075657,"status":"passed","summary":""},{"assertionResults":[{"ancestorTitles":["conversation server boundary"],"duration":6,"failureDetails":[],"failureMessages":[],"fullName":"conversation server boundary requires the server session without exposing an upstream location","invocations":1,"location":null,"numPassingAsserts":3,"retryReasons":[],"status":"passed","title":"requires the server session without exposing an upstream location"},{"ancestorTitles":["conversation server boundary"],"duration":1,"failureDetails":[],"failureMessages":[],"fullName":"conversation server boundary forwards timeline cursors through the authenticated generated client","invocations":1,"location":null,"numPassingAsserts":3,"retryReasons":[],"status":"passed","title":"forwards timeline cursors through the authenticated generated client"},{"ancestorTitles":["conversation server boundary"],"duration":1,"failureDetails":[],"failureMessages":[],"fullName":"conversation server boundary keeps send identity and content inside the server-side generated call","invocations":1,"location":null,"numPassingAsserts":2,"retryReasons":[],"status":"passed","title":"keeps send identity and content inside the server-side generated call"},{"ancestorTitles":["conversation server boundary"],"duration":4,"failureDetails":[],"failureMessages":[],"fullName":"conversation server boundary proxies SSE with resume identity and strips upstream private headers","invocations":1,"location":null,"numPassingAsserts":4,"retryReasons":[],"status":"passed","title":"proxies SSE with resume identity and strips upstream private headers"},{"ancestorTitles":["conversation server boundary"],"duration":2,"failureDetails":[],"failureMessages":[],"fullName":"conversation server boundary preserves canonical stream status 410 without exposing upstream details","invocations":1,"location":null,"numPassingAsserts":3,"retryReasons":[],"status":"passed","title":"preserves canonical stream status 410 without exposing upstream details"},{"ancestorTitles":["conversation server boundary"],"duration":0,"failureDetails":[],"failureMessages":[],"fullName":"conversation server boundary preserves canonical stream status 423 without exposing upstream details","invocations":1,"location":null,"numPassingAsserts":3,"retryReasons":[],"status":"passed","title":"preserves canonical stream status 423 without exposing upstream details"}],"endTime":1788948075945,"message":"","name":"/workspace/web/app/api/conversations/conversation-boundary.test.ts","startTime":1788948075858,"status":"passed","summary":""},{"assertionResults":[{"ancestorTitles":[],"duration":29,"failureDetails":[],"failureMessages":[],"fullName":"submits price only and renders the evidence-backed decision","invocations":1,"location":null,"numPassingAsserts":5,"retryReasons":[],"status":"passed","title":"submits price only and renders the evidence-backed decision"},{"ancestorTitles":[],"duration":27,"failureDetails":[],"failureMessages":[],"fullName":"shows a fail-closed unavailable state","invocations":1,"location":null,"numPassingAsserts":4,"retryReasons":[],"status":"passed","title":"shows a fail-closed unavailable state"},{"ancestorTitles":[],"duration":17,"failureDetails":[],"failureMessages":[],"fullName":"renders a non-allow decision with its reasons","invocations":1,"location":null,"numPassingAsserts":2,"retryReasons":[],"status":"passed","title":"renders a non-allow decision with its reasons"}],"endTime":1788948076132,"message":"","name":"/workspace/web/components/founder/OfferabilityWorkbench.test.tsx","startTime":1788948075956,"status":"passed","summary":""},{"assertionResults":[{"ancestorTitles":["public acquisition controller"],"duration":4,"failureDetails":[],"failureMessages":[],"fullName":"public acquisition controller creates no optional storage or request before consent","invocations":1,"location":null,"numPassingAsserts":2,"retryReasons":[],"status":"passed","title":"creates no optional storage or request before consent"},{"ancestorTitles":["public acquisition controller"],"duration":12,"failureDetails":[],"failureMessages":[],"fullName":"public acquisition controller emits minimized consent, page, and contact events after consent","invocations":1,"location":null,"numPassingAsserts":5,"retryReasons":[],"status":"passed","title":"emits minimized consent, page, and contact events after consent"},{"ancestorTitles":["public acquisition controller"],"duration":1,"failureDetails":[],"failureMessages":[],"fullName":"public acquisition controller keeps destination failures private and non-blocking","invocations":1,"location":null,"numPassingAsserts":2,"retryReasons":[],"status":"passed","title":"keeps destination failures private and non-blocking"},{"ancestorTitles":["public acquisition controller"],"duration":16,"failureDetails":[],"failureMessages":[],"fullName":"public acquisition controller distinguishes registration from a professional hire journey","invocations":1,"location":null,"numPassingAsserts":4,"retryReasons":[],"status":"passed","title":"distinguishes registration from a professional hire journey"}],"endTime":1788948076267,"message":"","name":"/workspace/web/components/public/AcquisitionController.test.tsx","startTime":1788948076142,"status":"passed","summary":""},{"assertionResults":[{"ancestorTitles":["authentication views"],"duration":13,"failureDetails":[],"failureMessages":[],"fullName":"authentication views renders login providers with a safe callback target","invocations":1,"location":null,"numPassingAsserts":3,"retryReasons":[],"status":"passed","title":"renders login providers with a safe callback target"},{"ancestorTitles":["authentication views"],"duration":4,"failureDetails":[],"failureMessages":[],"fullName":"authentication views offers projected providers before registration authentication","invocations":1,"location":null,"numPassingAsserts":3,"retryReasons":[],"status":"passed","title":"offers projected providers before registration authentication"},{"ancestorTitles":["authentication views"],"duration":2,"failureDetails":[],"failureMessages":[],"fullName":"authentication views reuses the registration flow for an authenticated session","invocations":1,"location":null,"numPassingAsserts":3,"retryReasons":[],"status":"passed","title":"reuses the registration flow for an authenticated session"}],"endTime":1788948076418,"message":"","name":"/workspace/web/components/auth/AuthViews.test.tsx","startTime":1788948076288,"status":"passed","summary":""},{"assertionResults":[{"ancestorTitles":["server marketing destinations"],"duration":2,"failureDetails":[],"failureMessages":[],"fullName":"server marketing destinations dispatches independently to ready consent-matched destinations","invocations":1,"location":null,"numPassingAsserts":2,"retryReasons":[],"status":"passed","title":"dispatches independently to ready consent-matched destinations"},{"ancestorTitles":["server marketing destinations"],"duration":1,"failureDetails":[],"failureMessages":[],"fullName":"server marketing destinations disables incomplete, unapproved, and non-consented destinations","invocations":1,"location":null,"numPassingAsserts":2,"retryReasons":[],"status":"passed","title":"disables incomplete, unapproved, and non-consented destinations"},{"ancestorTitles":["server marketing destinations"],"duration":0,"failureDetails":[],"failureMessages":[],"fullName":"server marketing destinations does not route consent updates and contains destination failures","invocations":1,"location":null,"numPassingAsserts":2,"retryReasons":[],"status":"passed","title":"does not route consent updates and contains destination failures"}],"endTime":1788948076491,"message":"","name":"/workspace/web/lib/marketing-server.test.ts","startTime":1788948076421,"status":"passed","summary":""},{"assertionResults":[{"ancestorTitles":["identity provider projection"],"duration":1,"failureDetails":[],"failureMessages":[],"fullName":"identity provider projection returns the Business Platform readiness projection","invocations":1,"location":null,"numPassingAsserts":1,"retryReasons":[],"status":"passed","title":"returns the Business Platform readiness projection"},{"ancestorTitles":["identity provider projection"],"duration":1,"failureDetails":[],"failureMessages":[],"fullName":"identity provider projection fails closed when readiness cannot be obtained","invocations":1,"location":null,"numPassingAsserts":2,"retryReasons":[],"status":"passed","title":"fails closed when readiness cannot be obtained"},{"ancestorTitles":["identity provider projection"],"duration":0,"failureDetails":[],"failureMessages":[],"fullName":"identity provider projection returns the current BP-owned session projection without caching","invocations":1,"location":null,"numPassingAsserts":2,"retryReasons":[],"status":"passed","title":"returns the current BP-owned session projection without caching"},{"ancestorTitles":["identity provider projection"],"duration":1,"failureDetails":[],"failureMessages":[],"fullName":"identity provider projection maps HTTP 401 to a truthful unauthorized state","invocations":1,"location":null,"numPassingAsserts":1,"retryReasons":[],"status":"passed","title":"maps HTTP 401 to a truthful unauthorized state"},{"ancestorTitles":["identity provider projection"],"duration":0,"failureDetails":[],"failureMessages":[],"fullName":"identity provider projection maps HTTP 403 to a truthful step-up state","invocations":1,"location":null,"numPassingAsserts":1,"retryReasons":[],"status":"passed","title":"maps HTTP 403 to a truthful step-up state"},{"ancestorTitles":["identity provider projection"],"duration":0,"failureDetails":[],"failureMessages":[],"fullName":"identity provider projection maps HTTP 503 to a truthful unavailable state","invocations":1,"location":null,"numPassingAsserts":1,"retryReasons":[],"status":"passed","title":"maps HTTP 503 to a truthful unavailable state"},{"ancestorTitles":["identity provider projection"],"duration":0,"failureDetails":[],"failureMessages":[],"fullName":"identity provider projection does not treat an expired projection as an active session","invocations":1,"location":null,"numPassingAsserts":1,"retryReasons":[],"status":"passed","title":"does not treat an expired projection as an active session"}],"endTime":1788948077159,"message":"","name":"/workspace/web/lib/api/identity.test.ts","startTime":1788948076498,"status":"passed","summary":""},{"assertionResults":[{"ancestorTitles":[],"duration":15,"failureDetails":[],"failureMessages":[],"fullName":"clears WAOOAW protected state before ending the session","invocations":1,"location":null,"numPassingAsserts":6,"retryReasons":[],"status":"passed","title":"clears WAOOAW protected state before ending the session"},{"ancestorTitles":[],"duration":5,"failureDetails":[],"failureMessages":[],"fullName":"clears protected state before requesting a different Keycloak account","invocations":1,"location":null,"numPassingAsserts":4,"retryReasons":[],"status":"passed","title":"clears protected state before requesting a different Keycloak account"}],"endTime":1788948077286,"message":"","name":"/workspace/web/components/auth/SignOutCommand.test.tsx","startTime":1788948077172,"status":"passed","summary":""},{"assertionResults":[{"ancestorTitles":["AuthDialog"],"duration":13,"failureDetails":[],"failureMessages":[],"fullName":"AuthDialog opens modally, dismisses on Escape, and restores invoking focus","invocations":1,"location":null,"numPassingAsserts":4,"retryReasons":[],"status":"passed","title":"opens modally, dismisses on Escape, and restores invoking focus"},{"ancestorTitles":["AuthDialog"],"duration":10,"failureDetails":[],"failureMessages":[],"fullName":"AuthDialog dismisses only when the backdrop itself is clicked","invocations":1,"location":null,"numPassingAsserts":2,"retryReasons":[],"status":"passed","title":"dismisses only when the backdrop itself is clicked"},{"ancestorTitles":["AuthDialog"],"duration":7,"failureDetails":[],"failureMessages":[],"fullName":"AuthDialog restores focus to main when the invoking element has disappeared","invocations":1,"location":null,"numPassingAsserts":2,"retryReasons":[],"status":"passed","title":"restores focus to main when the invoking element has disappeared"}],"endTime":1788948077428,"message":"","name":"/workspace/web/components/auth/AuthDialog.test.tsx","startTime":1788948077293,"status":"passed","summary":""},{"assertionResults":[{"ancestorTitles":["acquisition route consent enforcement"],"duration":2,"failureDetails":[],"failureMessages":[],"fullName":"acquisition route consent enforcement does not trust an arbitrary consent header","invocations":1,"location":null,"numPassingAsserts":1,"retryReasons":[],"status":"passed","title":"does not trust an arbitrary consent header"},{"ancestorTitles":["acquisition route consent enforcement"],"duration":1,"failureDetails":[],"failureMessages":[],"fullName":"acquisition route consent enforcement accepts an event with a current first-party category preference","invocations":1,"location":null,"numPassingAsserts":3,"retryReasons":[],"status":"passed","title":"accepts an event with a current first-party category preference"},{"ancestorTitles":["acquisition route consent enforcement"],"duration":1,"failureDetails":[],"failureMessages":[],"fullName":"acquisition route consent enforcement rejects missing and cross-origin public context","invocations":1,"location":null,"numPassingAsserts":2,"retryReasons":[],"status":"passed","title":"rejects missing and cross-origin public context"},{"ancestorTitles":["acquisition route consent enforcement"],"duration":0,"failureDetails":[],"failureMessages":[],"fullName":"acquisition route consent enforcement honors browser privacy signal dnt","invocations":1,"location":null,"numPassingAsserts":1,"retryReasons":[],"status":"passed","title":"honors browser privacy signal dnt"},{"ancestorTitles":["acquisition route consent enforcement"],"duration":1,"failureDetails":[],"failureMessages":[],"fullName":"acquisition route consent enforcement honors browser privacy signal sec-gpc","invocations":1,"location":null,"numPassingAsserts":1,"retryReasons":[],"status":"passed","title":"honors browser privacy signal sec-gpc"}],"endTime":1788948077513,"message":"","name":"/workspace/web/app/api/acquisition/events/route.test.ts","startTime":1788948077431,"status":"passed","summary":""},{"assertionResults":[{"ancestorTitles":["EmergencyStop"],"duration":10,"failureDetails":[],"failureMessages":[],"fullName":"EmergencyStop does not claim stop capability without an active target","invocations":1,"location":null,"numPassingAsserts":1,"retryReasons":[],"status":"passed","title":"does not claim stop capability without an active target"},{"ancestorTitles":["EmergencyStop"],"duration":26,"failureDetails":[],"failureMessages":[],"fullName":"EmergencyStop waits for confirmation before showing stopped","invocations":1,"location":null,"numPassingAsserts":5,"retryReasons":[],"status":"passed","title":"waits for confirmation before showing stopped"},{"ancestorTitles":["EmergencyStop"],"duration":8,"failureDetails":[],"failureMessages":[],"fullName":"EmergencyStop lets the runtime halt all known sessions when only contract scope is known","invocations":1,"location":null,"numPassingAsserts":1,"retryReasons":[],"status":"passed","title":"lets the runtime halt all known sessions when only contract scope is known"},{"ancestorTitles":["EmergencyStop"],"duration":12,"failureDetails":[],"failureMessages":[],"fullName":"EmergencyStop does not show confirmation when the stop request fails","invocations":1,"location":null,"numPassingAsserts":1,"retryReasons":[],"status":"passed","title":"does not show confirmation when the stop request fails"}],"endTime":1788948077679,"message":"","name":"/workspace/web/components/constitutional/EmergencyStop.test.tsx","startTime":1788948077520,"status":"passed","summary":""},{"assertionResults":[{"ancestorTitles":["progressive mobile verification"],"duration":33,"failureDetails":[],"failureMessages":[],"fullName":"progressive mobile verification keeps mobile proof and OTP out of storage and reports unresolved failure honestly","invocations":1,"location":null,"numPassingAsserts":3,"retryReasons":[],"status":"passed","title":"keeps mobile proof and OTP out of storage and reports unresolved failure honestly"}],"endTime":1788948077821,"message":"","name":"/workspace/web/components/auth/MobileVerificationFlow.test.tsx","startTime":1788948077686,"status":"passed","summary":""},{"assertionResults":[{"ancestorTitles":["ProfessionalComparison"],"duration":37,"failureDetails":[],"failureMessages":[],"fullName":"ProfessionalComparison shows disclosures and boundaries before interview entry","invocations":1,"location":null,"numPassingAsserts":6,"retryReasons":[],"status":"passed","title":"shows disclosures and boundaries before interview entry"},{"ancestorTitles":["ProfessionalComparison"],"duration":3,"failureDetails":[],"failureMessages":[],"fullName":"ProfessionalComparison does not invent a match when discovery returns none","invocations":1,"location":null,"numPassingAsserts":1,"retryReasons":[],"status":"passed","title":"does not invent a match when discovery returns none"}],"endTime":1788948077968,"message":"","name":"/workspace/web/components/professionals/ProfessionalComparison.test.tsx","startTime":1788948077827,"status":"passed","summary":""},{"assertionResults":[{"ancestorTitles":["ProviderCommands"],"duration":38,"failureDetails":[],"failureMessages":[],"fullName":"ProviderCommands starts only an available brokered provider","invocations":1,"location":null,"numPassingAsserts":2,"retryReasons":[],"status":"passed","title":"starts only an available brokered provider"},{"ancestorTitles":["ProviderCommands"],"duration":22,"failureDetails":[],"failureMessages":[],"fullName":"ProviderCommands keeps Apple local and explains approved alternatives","invocations":1,"location":null,"numPassingAsserts":5,"retryReasons":[],"status":"passed","title":"keeps Apple local and explains approved alternatives"}],"endTime":1788948078152,"message":"","name":"/workspace/web/components/auth/ProviderCommands.test.tsx","startTime":1788948077975,"status":"passed","summary":""},{"assertionResults":[{"ancestorTitles":["acquisition event boundary"],"duration":0,"failureDetails":[],"failureMessages":[],"fullName":"acquisition event boundary accepts a minimal approved event","invocations":1,"location":null,"numPassingAsserts":1,"retryReasons":[],"status":"passed","title":"accepts a minimal approved event"},{"ancestorTitles":["acquisition event boundary"],"duration":1,"failureDetails":[],"failureMessages":[],"fullName":"acquisition event boundary rejects prohibited field email","invocations":1,"location":null,"numPassingAsserts":1,"retryReasons":[],"status":"passed","title":"rejects prohibited field email"},{"ancestorTitles":["acquisition event boundary"],"duration":0,"failureDetails":[],"failureMessages":[],"fullName":"acquisition event boundary rejects prohibited field tenant_id","invocations":1,"location":null,"numPassingAsserts":1,"retryReasons":[],"status":"passed","title":"rejects prohibited field tenant_id"},{"ancestorTitles":["acquisition event boundary"],"duration":0,"failureDetails":[],"failureMessages":[],"fullName":"acquisition event boundary rejects prohibited field message","invocations":1,"location":null,"numPassingAsserts":1,"retryReasons":[],"status":"passed","title":"rejects prohibited field message"},{"ancestorTitles":["acquisition event boundary"],"duration":0,"failureDetails":[],"failureMessages":[],"fullName":"acquisition event boundary rejects prohibited field raw_referrer","invocations":1,"location":null,"numPassingAsserts":1,"retryReasons":[],"status":"passed","title":"rejects prohibited field raw_referrer"},{"ancestorTitles":["acquisition event boundary"],"duration":0,"failureDetails":[],"failureMessages":[],"fullName":"acquisition event boundary rejects unsafe attribution","invocations":1,"location":null,"numPassingAsserts":1,"retryReasons":[],"status":"passed","title":"rejects unsafe attribution"},{"ancestorTitles":["acquisition event boundary"],"duration":0,"failureDetails":[],"failureMessages":[],"fullName":"acquisition event boundary rejects a missing common field timestamp","invocations":1,"location":null,"numPassingAsserts":1,"retryReasons":[],"status":"passed","title":"rejects a missing common field timestamp"},{"ancestorTitles":["acquisition event boundary"],"duration":1,"failureDetails":[],"failureMessages":[],"fullName":"acquisition event boundary rejects a missing common field locale","invocations":1,"location":null,"numPassingAsserts":1,"retryReasons":[],"status":"passed","title":"rejects a missing common field locale"},{"ancestorTitles":["acquisition event boundary"],"duration":0,"failureDetails":[],"failureMessages":[],"fullName":"acquisition event boundary rejects a missing common field environment","invocations":1,"location":null,"numPassingAsserts":1,"retryReasons":[],"status":"passed","title":"rejects a missing common field environment"},{"ancestorTitles":["acquisition event boundary"],"duration":0,"failureDetails":[],"failureMessages":[],"fullName":"acquisition event boundary rejects a missing common field consent","invocations":1,"location":null,"numPassingAsserts":1,"retryReasons":[],"status":"passed","title":"rejects a missing common field consent"},{"ancestorTitles":["acquisition event boundary"],"duration":0,"failureDetails":[],"failureMessages":[],"fullName":"acquisition event boundary rejects a missing common field deduplication_id","invocations":1,"location":null,"numPassingAsserts":1,"retryReasons":[],"status":"passed","title":"rejects a missing common field deduplication_id"},{"ancestorTitles":["acquisition event boundary"],"duration":0,"failureDetails":[],"failureMessages":[],"fullName":"acquisition event boundary rejects missing event-specific data","invocations":1,"location":null,"numPassingAsserts":1,"retryReasons":[],"status":"passed","title":"rejects missing event-specific data"},{"ancestorTitles":["acquisition event boundary"],"duration":0,"failureDetails":[],"failureMessages":[],"fullName":"acquisition event boundary rejects a malformed consent snapshot","invocations":1,"location":null,"numPassingAsserts":1,"retryReasons":[],"status":"passed","title":"rejects a malformed consent snapshot"}],"endTime":1788948078217,"message":"","name":"/workspace/web/lib/acquisition.test.ts","startTime":1788948078160,"status":"passed","summary":""},{"assertionResults":[{"ancestorTitles":["Emergency Stop server boundary"],"duration":79,"failureDetails":[],"failureMessages":[],"fullName":"Emergency Stop server boundary delegates confirmation to the relationship-wide Stop orchestrator","invocations":1,"location":null,"numPassingAsserts":3,"retryReasons":[],"status":"passed","title":"delegates confirmation to the relationship-wide Stop orchestrator"},{"ancestorTitles":["Emergency Stop server boundary"],"duration":2,"failureDetails":[],"failureMessages":[],"fullName":"Emergency Stop server boundary does not claim confirmation when relationship Stop remains unresolved","invocations":1,"location":null,"numPassingAsserts":2,"retryReasons":[],"status":"passed","title":"does not claim confirmation when relationship Stop remains unresolved"}],"endTime":1788948078367,"message":"","name":"/workspace/web/app/api/emergency-stop/route.test.ts","startTime":1788948078222,"status":"passed","summary":""},{"assertionResults":[{"ancestorTitles":["Founder claim parsing"],"duration":0,"failureDetails":[],"failureMessages":[],"fullName":"Founder claim parsing accepts only an explicit Founder claim or realm role","invocations":1,"location":null,"numPassingAsserts":5,"retryReasons":[],"status":"passed","title":"accepts only an explicit Founder claim or realm role"},{"ancestorTitles":["Browser session projection"],"duration":0,"failureDetails":[],"failureMessages":[],"fullName":"Browser session projection reports authentication without exposing the Keycloak bearer token","invocations":1,"location":null,"numPassingAsserts":3,"retryReasons":[],"status":"passed","title":"reports authentication without exposing the Keycloak bearer token"},{"ancestorTitles":["Keycloak broker configuration"],"duration":1,"failureDetails":[],"failureMessages":[],"fullName":"Keycloak broker configuration keeps broker aliases in server-owned provider configuration","invocations":1,"location":null,"numPassingAsserts":2,"retryReasons":[],"status":"passed","title":"keeps broker aliases in server-owned provider configuration"}],"endTime":1788948078429,"message":"","name":"/workspace/web/lib/auth.test.ts","startTime":1788948078373,"status":"passed","summary":""},{"assertionResults":[{"ancestorTitles":["EvidenceWindow"],"duration":21,"failureDetails":[],"failureMessages":[],"fullName":"EvidenceWindow offers the completed canonical export without claiming participant acknowledgement","invocations":1,"location":null,"numPassingAsserts":3,"retryReasons":[],"status":"passed","title":"offers the completed canonical export without claiming participant acknowledgement"},{"ancestorTitles":["EvidenceWindow"],"duration":11,"failureDetails":[],"failureMessages":[],"fullName":"EvidenceWindow keeps an unsuccessful export explicitly unresolved","invocations":1,"location":null,"numPassingAsserts":2,"retryReasons":[],"status":"passed","title":"keeps an unsuccessful export explicitly unresolved"}],"endTime":1788948078558,"message":"","name":"/workspace/web/components/relationships/EvidenceWindow.test.tsx","startTime":1788948078436,"status":"passed","summary":""},{"assertionResults":[{"ancestorTitles":["public configuration schema"],"duration":2,"failureDetails":[],"failureMessages":[],"fullName":"public configuration schema accepts the repository configuration","invocations":1,"location":null,"numPassingAsserts":1,"retryReasons":[],"status":"passed","title":"accepts the repository configuration"},{"ancestorTitles":["public configuration schema"],"duration":1,"failureDetails":[],"failureMessages":[],"fullName":"public configuration schema rejects unknown key","invocations":1,"location":null,"numPassingAsserts":1,"retryReasons":[],"status":"passed","title":"rejects unknown key"},{"ancestorTitles":["public configuration schema"],"duration":1,"failureDetails":[],"failureMessages":[],"fullName":"public configuration schema rejects unsafe URL","invocations":1,"location":null,"numPassingAsserts":1,"retryReasons":[],"status":"passed","title":"rejects unsafe URL"},{"ancestorTitles":["public configuration schema"],"duration":1,"failureDetails":[],"failureMessages":[],"fullName":"public configuration schema rejects invalid color","invocations":1,"location":null,"numPassingAsserts":1,"retryReasons":[],"status":"passed","title":"rejects invalid color"},{"ancestorTitles":["public configuration schema"],"duration":5,"failureDetails":[],"failureMessages":[],"fullName":"public configuration schema rejects missing locale key","invocations":1,"location":null,"numPassingAsserts":1,"retryReasons":[],"status":"passed","title":"rejects missing locale key"},{"ancestorTitles":["public configuration schema"],"duration":2,"failureDetails":[],"failureMessages":[],"fullName":"public configuration schema rejects secret-like key","invocations":1,"location":null,"numPassingAsserts":1,"retryReasons":[],"status":"passed","title":"rejects secret-like key"}],"endTime":1788948078641,"message":"","name":"/workspace/web/config/public-config.test.ts","startTime":1788948078565,"status":"passed","summary":""},{"assertionResults":[{"ancestorTitles":["auth public origin"],"duration":7,"failureDetails":[],"failureMessages":[],"fullName":"auth public origin retains the original public route across login and register switches","invocations":1,"location":null,"numPassingAsserts":1,"retryReasons":[],"status":"passed","title":"retains the original public route across login and register switches"},{"ancestorTitles":["auth public origin"],"duration":3,"failureDetails":[],"failureMessages":[],"fullName":"auth public origin does not capture modified or external navigation","invocations":1,"location":null,"numPassingAsserts":1,"retryReasons":[],"status":"passed","title":"does not capture modified or external navigation"}],"endTime":1788948078748,"message":"","name":"/workspace/web/components/auth/AuthJourney.test.tsx","startTime":1788948078648,"status":"passed","summary":""},{"assertionResults":[{"ancestorTitles":["experience preferences"],"duration":1,"failureDetails":[],"failureMessages":[],"fullName":"experience preferences accepts the supported en locale","invocations":1,"location":null,"numPassingAsserts":1,"retryReasons":[],"status":"passed","title":"accepts the supported en locale"},{"ancestorTitles":["experience preferences"],"duration":0,"failureDetails":[],"failureMessages":[],"fullName":"experience preferences accepts the supported hi locale","invocations":1,"location":null,"numPassingAsserts":1,"retryReasons":[],"status":"passed","title":"accepts the supported hi locale"},{"ancestorTitles":["experience preferences"],"duration":1,"failureDetails":[],"failureMessages":[],"fullName":"experience preferences accepts the supported mr locale","invocations":1,"location":null,"numPassingAsserts":1,"retryReasons":[],"status":"passed","title":"accepts the supported mr locale"},{"ancestorTitles":["experience preferences"],"duration":0,"failureDetails":[],"failureMessages":[],"fullName":"experience preferences accepts the supported ta locale","invocations":1,"location":null,"numPassingAsserts":1,"retryReasons":[],"status":"passed","title":"accepts the supported ta locale"},{"ancestorTitles":["experience preferences"],"duration":0,"failureDetails":[],"failureMessages":[],"fullName":"experience preferences accepts the supported te locale","invocations":1,"location":null,"numPassingAsserts":1,"retryReasons":[],"status":"passed","title":"accepts the supported te locale"},{"ancestorTitles":["experience preferences"],"duration":0,"failureDetails":[],"failureMessages":[],"fullName":"experience preferences accepts the supported kn locale","invocations":1,"location":null,"numPassingAsserts":1,"retryReasons":[],"status":"passed","title":"accepts the supported kn locale"},{"ancestorTitles":["experience preferences"],"duration":1,"failureDetails":[],"failureMessages":[],"fullName":"experience preferences accepts the supported gu locale","invocations":1,"location":null,"numPassingAsserts":1,"retryReasons":[],"status":"passed","title":"accepts the supported gu locale"},{"ancestorTitles":["experience preferences"],"duration":3,"failureDetails":[],"failureMessages":[],"fullName":"experience preferences accepts the supported bn locale","invocations":1,"location":null,"numPassingAsserts":1,"retryReasons":[],"status":"passed","title":"accepts the supported bn locale"},{"ancestorTitles":["experience preferences"],"duration":0,"failureDetails":[],"failureMessages":[],"fullName":"experience preferences accepts the supported ml locale","invocations":1,"location":null,"numPassingAsserts":1,"retryReasons":[],"status":"passed","title":"accepts the supported ml locale"},{"ancestorTitles":["experience preferences"],"duration":0,"failureDetails":[],"failureMessages":[],"fullName":"experience preferences accepts the supported pa locale","invocations":1,"location":null,"numPassingAsserts":1,"retryReasons":[],"status":"passed","title":"accepts the supported pa locale"},{"ancestorTitles":["experience preferences"],"duration":0,"failureDetails":[],"failureMessages":[],"fullName":"experience preferences accepts the supported ur locale","invocations":1,"location":null,"numPassingAsserts":1,"retryReasons":[],"status":"passed","title":"accepts the supported ur locale"},{"ancestorTitles":["experience preferences"],"duration":1,"failureDetails":[],"failureMessages":[],"fullName":"experience preferences normalizes regional locale tags and defaults unknown values","invocations":1,"location":null,"numPassingAsserts":4,"retryReasons":[],"status":"passed","title":"normalizes regional locale tags and defaults unknown values"},{"ancestorTitles":["experience preferences"],"duration":0,"failureDetails":[],"failureMessages":[],"fullName":"experience preferences uses RTL only for Urdu","invocations":1,"location":null,"numPassingAsserts":3,"retryReasons":[],"status":"passed","title":"uses RTL only for Urdu"},{"ancestorTitles":["experience preferences"],"duration":1,"failureDetails":[],"failureMessages":[],"fullName":"experience preferences accepts the light theme","invocations":1,"location":null,"numPassingAsserts":1,"retryReasons":[],"status":"passed","title":"accepts the light theme"},{"ancestorTitles":["experience preferences"],"duration":0,"failureDetails":[],"failureMessages":[],"fullName":"experience preferences accepts the dark theme","invocations":1,"location":null,"numPassingAsserts":1,"retryReasons":[],"status":"passed","title":"accepts the dark theme"},{"ancestorTitles":["experience preferences"],"duration":0,"failureDetails":[],"failureMessages":[],"fullName":"experience preferences accepts the system theme","invocations":1,"location":null,"numPassingAsserts":1,"retryReasons":[],"status":"passed","title":"accepts the system theme"},{"ancestorTitles":["experience preferences"],"duration":0,"failureDetails":[],"failureMessages":[],"fullName":"experience preferences defaults unknown themes to system","invocations":1,"location":null,"numPassingAsserts":2,"retryReasons":[],"status":"passed","title":"defaults unknown themes to system"}],"endTime":1788948078819,"message":"","name":"/workspace/web/lib/preferences.test.ts","startTime":1788948078758,"status":"passed","summary":""},{"assertionResults":[{"ancestorTitles":["public legal projection"],"duration":1,"failureDetails":[],"failureMessages":[],"fullName":"public legal projection preserves policy substance while enforcing the sole public contact","invocations":1,"location":null,"numPassingAsserts":3,"retryReasons":[],"status":"passed","title":"preserves policy substance while enforcing the sole public contact"},{"ancestorTitles":["public legal projection"],"duration":0,"failureDetails":[],"failureMessages":[],"fullName":"public legal projection reconciles the cookie source with runtime names and retention","invocations":1,"location":null,"numPassingAsserts":3,"retryReasons":[],"status":"passed","title":"reconciles the cookie source with runtime names and retention"}],"endTime":1788948078885,"message":"","name":"/workspace/web/components/public/LegalPage.test.ts","startTime":1788948078826,"status":"passed","summary":""},{"assertionResults":[{"ancestorTitles":["safe return targets"],"duration":0,"failureDetails":[],"failureMessages":[],"fullName":"safe return targets rejects https://attacker.test","invocations":1,"location":null,"numPassingAsserts":1,"retryReasons":[],"status":"passed","title":"rejects https://attacker.test"},{"ancestorTitles":["safe return targets"],"duration":0,"failureDetails":[],"failureMessages":[],"fullName":"safe return targets rejects //attacker.test","invocations":1,"location":null,"numPassingAsserts":1,"retryReasons":[],"status":"passed","title":"rejects //attacker.test"},{"ancestorTitles":["safe return targets"],"duration":0,"failureDetails":[],"failureMessages":[],"fullName":"safe return targets rejects /api/auth/signout","invocations":1,"location":null,"numPassingAsserts":1,"retryReasons":[],"status":"passed","title":"rejects /api/auth/signout"},{"ancestorTitles":["safe return targets"],"duration":0,"failureDetails":[],"failureMessages":[],"fullName":"safe return targets rejects /founder","invocations":1,"location":null,"numPassingAsserts":1,"retryReasons":[],"status":"passed","title":"rejects /founder"},{"ancestorTitles":["safe return targets"],"duration":1,"failureDetails":[],"failureMessages":[],"fullName":"safe return targets rejects /relationships/../founder","invocations":1,"location":null,"numPassingAsserts":1,"retryReasons":[],"status":"passed","title":"rejects /relationships/../founder"},{"ancestorTitles":["safe return targets"],"duration":0,"failureDetails":[],"failureMessages":[],"fullName":"safe return targets accepts /home","invocations":1,"location":null,"numPassingAsserts":1,"retryReasons":[],"status":"passed","title":"accepts /home"},{"ancestorTitles":["safe return targets"],"duration":0,"failureDetails":[],"failureMessages":[],"fullName":"safe return targets accepts /settings","invocations":1,"location":null,"numPassingAsserts":1,"retryReasons":[],"status":"passed","title":"accepts /settings"},{"ancestorTitles":["safe return targets"],"duration":0,"failureDetails":[],"failureMessages":[],"fullName":"safe return targets accepts /professionals/mine","invocations":1,"location":null,"numPassingAsserts":1,"retryReasons":[],"status":"passed","title":"accepts /professionals/mine"},{"ancestorTitles":["safe return targets"],"duration":1,"failureDetails":[],"failureMessages":[],"fullName":"safe return targets accepts /relationships/8f6f7550-98c7-4a8f-bd63-36f07ee15c9d","invocations":1,"location":null,"numPassingAsserts":1,"retryReasons":[],"status":"passed","title":"accepts /relationships/8f6f7550-98c7-4a8f-bd63-36f07ee15c9d"},{"ancestorTitles":["public auth dismissal targets"],"duration":0,"failureDetails":[],"failureMessages":[],"fullName":"public auth dismissal targets accepts /professionals","invocations":1,"location":null,"numPassingAsserts":1,"retryReasons":[],"status":"passed","title":"accepts /professionals"},{"ancestorTitles":["public auth dismissal targets"],"duration":0,"failureDetails":[],"failureMessages":[],"fullName":"public auth dismissal targets accepts /professionals/digital-marketing","invocations":1,"location":null,"numPassingAsserts":1,"retryReasons":[],"status":"passed","title":"accepts /professionals/digital-marketing"},{"ancestorTitles":["public auth dismissal targets"],"duration":0,"failureDetails":[],"failureMessages":[],"fullName":"public auth dismissal targets accepts /privacy","invocations":1,"location":null,"numPassingAsserts":1,"retryReasons":[],"status":"passed","title":"accepts /privacy"},{"ancestorTitles":["public auth dismissal targets"],"duration":1,"failureDetails":[],"failureMessages":[],"fullName":"public auth dismissal targets accepts /#professionals","invocations":1,"location":null,"numPassingAsserts":1,"retryReasons":[],"status":"passed","title":"accepts /#professionals"},{"ancestorTitles":["public auth dismissal targets"],"duration":0,"failureDetails":[],"failureMessages":[],"fullName":"public auth dismissal targets accepts /blogs/first-post","invocations":1,"location":null,"numPassingAsserts":1,"retryReasons":[],"status":"passed","title":"accepts /blogs/first-post"},{"ancestorTitles":["public auth dismissal targets"],"duration":0,"failureDetails":[],"failureMessages":[],"fullName":"public auth dismissal targets rejects undefined","invocations":1,"location":null,"numPassingAsserts":1,"retryReasons":[],"status":"passed","title":"rejects undefined"},{"ancestorTitles":["public auth dismissal targets"],"duration":1,"failureDetails":[],"failureMessages":[],"fullName":"public auth dismissal targets rejects //example.com","invocations":1,"location":null,"numPassingAsserts":1,"retryReasons":[],"status":"passed","title":"rejects //example.com"},{"ancestorTitles":["public auth dismissal targets"],"duration":0,"failureDetails":[],"failureMessages":[],"fullName":"public auth dismissal targets rejects https://example.com","invocations":1,"location":null,"numPassingAsserts":1,"retryReasons":[],"status":"passed","title":"rejects https://example.com"},{"ancestorTitles":["public auth dismissal targets"],"duration":0,"failureDetails":[],"failureMessages":[],"fullName":"public auth dismissal targets rejects /login","invocations":1,"location":null,"numPassingAsserts":1,"retryReasons":[],"status":"passed","title":"rejects /login"},{"ancestorTitles":["public auth dismissal targets"],"duration":0,"failureDetails":[],"failureMessages":[],"fullName":"public auth dismissal targets rejects /register","invocations":1,"location":null,"numPassingAsserts":1,"retryReasons":[],"status":"passed","title":"rejects /register"},{"ancestorTitles":["public auth dismissal targets"],"duration":1,"failureDetails":[],"failureMessages":[],"fullName":"public auth dismissal targets rejects /home","invocations":1,"location":null,"numPassingAsserts":1,"retryReasons":[],"status":"passed","title":"rejects /home"},{"ancestorTitles":["public auth dismissal targets"],"duration":0,"failureDetails":[],"failureMessages":[],"fullName":"public auth dismissal targets rejects /professionals/mine","invocations":1,"location":null,"numPassingAsserts":1,"retryReasons":[],"status":"passed","title":"rejects /professionals/mine"},{"ancestorTitles":["public auth dismissal targets"],"duration":0,"failureDetails":[],"failureMessages":[],"fullName":"public auth dismissal targets rejects /professionals/%2e%2e","invocations":1,"location":null,"numPassingAsserts":1,"retryReasons":[],"status":"passed","title":"rejects /professionals/%2e%2e"},{"ancestorTitles":["public auth dismissal targets"],"duration":0,"failureDetails":[],"failureMessages":[],"fullName":"public auth dismissal targets rejects /\\example.com","invocations":1,"location":null,"numPassingAsserts":1,"retryReasons":[],"status":"passed","title":"rejects /\\example.com"},{"ancestorTitles":["public auth dismissal targets"],"duration":0,"failureDetails":[],"failureMessages":[],"fullName":"public auth dismissal targets rejects /professionals?token=value","invocations":1,"location":null,"numPassingAsserts":1,"retryReasons":[],"status":"passed","title":"rejects /professionals?token=value"}],"endTime":1788948078954,"message":"","name":"/workspace/web/lib/safe-return.test.ts","startTime":1788948078892,"status":"passed","summary":""},{"assertionResults":[{"ancestorTitles":["conversation Business Platform adapter"],"duration":53,"failureDetails":[],"failureMessages":[],"fullName":"conversation Business Platform adapter forwards only server bearer and resume headers to the BP stream","invocations":1,"location":null,"numPassingAsserts":7,"retryReasons":[],"status":"passed","title":"forwards only server bearer and resume headers to the BP stream"}],"endTime":1788948079071,"message":"","name":"/workspace/web/lib/api/conversation.test.ts","startTime":1788948078960,"status":"passed","summary":""},{"assertionResults":[{"ancestorTitles":["versioned consent preference"],"duration":0,"failureDetails":[],"failureMessages":[],"fullName":"versioned consent preference round trips only the current granular preference","invocations":1,"location":null,"numPassingAsserts":1,"retryReasons":[],"status":"passed","title":"round trips only the current granular preference"},{"ancestorTitles":["versioned consent preference"],"duration":1,"failureDetails":[],"failureMessages":[],"fullName":"versioned consent preference rejects stale and malformed preferences","invocations":1,"location":null,"numPassingAsserts":2,"retryReasons":[],"status":"passed","title":"rejects stale and malformed preferences"},{"ancestorTitles":["versioned consent preference"],"duration":0,"failureDetails":[],"failureMessages":[],"fullName":"versioned consent preference lets DNT or GPC override every optional category","invocations":1,"location":null,"numPassingAsserts":1,"retryReasons":[],"status":"passed","title":"lets DNT or GPC override every optional category"}],"endTime":1788948079134,"message":"","name":"/workspace/web/lib/consent.test.ts","startTime":1788948079078,"status":"passed","summary":""},{"assertionResults":[{"ancestorTitles":["public professional catalogue"],"duration":1,"failureDetails":[],"failureMessages":[],"fullName":"public professional catalogue publishes only records carrying traceable release metadata","invocations":1,"location":null,"numPassingAsserts":3,"retryReasons":[],"status":"passed","title":"publishes only records carrying traceable release metadata"},{"ancestorTitles":["public professional catalogue"],"duration":0,"failureDetails":[],"failureMessages":[],"fullName":"public professional catalogue resolves admitted slugs without manufacturing unknown records","invocations":1,"location":null,"numPassingAsserts":2,"retryReasons":[],"status":"passed","title":"resolves admitted slugs without manufacturing unknown records"}],"endTime":1788948079196,"message":"","name":"/workspace/web/config/professionals.test.ts","startTime":1788948079140,"status":"passed","summary":""},{"assertionResults":[{"ancestorTitles":["RegistrationProgress"],"duration":17,"failureDetails":[],"failureMessages":[],"fullName":"RegistrationProgress announces workflow state without inventing percentage progress","invocations":1,"location":null,"numPassingAsserts":6,"retryReasons":[],"status":"passed","title":"announces workflow state without inventing percentage progress"}],"endTime":1788948079308,"message":"","name":"/workspace/web/components/auth/RegistrationProgress.test.tsx","startTime":1788948079203,"status":"passed","summary":""},{"assertionResults":[{"ancestorTitles":["auth loading boundary"],"duration":19,"failureDetails":[],"failureMessages":[],"fullName":"auth loading boundary announces loading, then exposes a bounded failure and retry","invocations":1,"location":null,"numPassingAsserts":3,"retryReasons":[],"status":"passed","title":"announces loading, then exposes a bounded failure and retry"},{"ancestorTitles":["auth loading boundary"],"duration":7,"failureDetails":[],"failureMessages":[],"fullName":"auth loading boundary renders a provider error without exposing server details","invocations":1,"location":null,"numPassingAsserts":2,"retryReasons":[],"status":"passed","title":"renders a provider error without exposing server details"}],"endTime":1788948079442,"message":"","name":"/workspace/web/components/auth/AuthBoundary.test.tsx","startTime":1788948079314,"status":"passed","summary":""},{"assertionResults":[{"ancestorTitles":["voice generated client wrapper"],"duration":0,"failureDetails":[],"failureMessages":[],"fullName":"voice generated client wrapper creates the server-side generated API","invocations":1,"location":null,"numPassingAsserts":1,"retryReasons":[],"status":"passed","title":"creates the server-side generated API"},{"ancestorTitles":["voice generated client wrapper"],"duration":1,"failureDetails":[],"failureMessages":[],"fullName":"voice generated client wrapper preserves canonical BP problems and hides unexpected failures","invocations":1,"location":null,"numPassingAsserts":2,"retryReasons":[],"status":"passed","title":"preserves canonical BP problems and hides unexpected failures"}],"endTime":1788948079558,"message":"","name":"/workspace/web/lib/api/voice.test.ts","startTime":1788948079445,"status":"passed","summary":""},{"assertionResults":[{"ancestorTitles":["marketing configuration"],"duration":0,"failureDetails":[],"failureMessages":[],"fullName":"marketing configuration fails destinations safely when identifiers are absent","invocations":1,"location":null,"numPassingAsserts":2,"retryReasons":[],"status":"passed","title":"fails destinations safely when identifiers are absent"},{"ancestorTitles":["marketing configuration"],"duration":0,"failureDetails":[],"failureMessages":[],"fullName":"marketing configuration keeps every optional destination disabled by default","invocations":1,"location":null,"numPassingAsserts":3,"retryReasons":[],"status":"passed","title":"keeps every optional destination disabled by default"}],"endTime":1788948079618,"message":"","name":"/workspace/web/config/marketing.test.ts","startTime":1788948079564,"status":"passed","summary":""},{"assertionResults":[{"ancestorTitles":["public article catalogue"],"duration":1,"failureDetails":[],"failureMessages":[],"fullName":"public article catalogue contains only published articles with real dates","invocations":1,"location":null,"numPassingAsserts":1,"retryReasons":[],"status":"passed","title":"contains only published articles with real dates"},{"ancestorTitles":["public article catalogue"],"duration":1,"failureDetails":[],"failureMessages":[],"fullName":"public article catalogue returns no publication for unknown slugs","invocations":1,"location":null,"numPassingAsserts":1,"retryReasons":[],"status":"passed","title":"returns no publication for unknown slugs"}],"endTime":1788948079683,"message":"","name":"/workspace/web/config/blogs.test.ts","startTime":1788948079625,"status":"passed","summary":""}],"wasInterrupted":false}
